<?xml version="1.0" encoding="UTF-8"?>
<!-- Generated by org.testng.reporters.JUnitXMLReporter -->
<testsuite ignored="1" hostname="Kerem-MBP" failures="1" tests="9" name="Chrome TestNG Test" time="936.981" errors="0" timestamp="11 May 2021 17:11:02 GMT">
  <testcase classname="com.uiautomation.test.MainPageTest" name="scrollToBottom" time="413.775"/>
  <testcase classname="com.uiautomation.test.LoginPageTest" name="EmptyEmailLogin" time="8.131"/>
  <testcase classname="com.uiautomation.test.LoginPageTest" name="EmptyPasswordLogin" time="6.55"/>
  <testcase classname="com.uiautomation.test.LoginPageTest" name="WrongEmailLogin" time="10.729"/>
  <testcase classname="com.uiautomation.test.LoginPageTest" name="WrongPasswordLogin" time="9.113"/>
  <testcase classname="com.uiautomation.test.LoginPageTest" name="fullEmptyLogin" time="5.157"/>
  <testcase classname="com.uiautomation.test.LoginPageTest" name="loginSuccesfull" time="186.56">
    <failure type="org.openqa.selenium.TimeoutException" message="Expected condition failed: waiting for visibility of Proxy element for: DefaultElementLocator &amp;apos;By.xpath: //p[text()=&amp;apos;Hesab覺m&amp;apos;]&amp;apos; (tried for 180 second(s) with 3000 milliseconds interval)">
      <![CDATA[org.openqa.selenium.TimeoutException: Expected condition failed: waiting for visibility of Proxy element for: DefaultElementLocator 'By.xpath: //p[text()='Hesab覺m']' (tried for 180 second(s) with 3000 milliseconds interval)
at org.openqa.selenium.support.ui.FluentWait.timeoutException(FluentWait.java:304)
at org.openqa.selenium.support.ui.FluentWait.until(FluentWait.java:272)
at utils.AutomationLib.fluentWait(AutomationLib.java:33)
at pages.LoginPage.checkLoginIsSuccessfull(LoginPage.java:60)
at com.uiautomation.test.LoginPageTest.loginSuccesfull(LoginPageTest.java:43)
at java.base/java.util.concurrent.FutureTask.run(FutureTask.java:264)
at java.base/java.util.concurrent.ThreadPoolExecutor.runWorker(ThreadPoolExecutor.java:1130)
at java.base/java.util.concurrent.ThreadPoolExecutor$Worker.run(ThreadPoolExecutor.java:630)
at java.base/java.lang.Thread.run(Thread.java:832)
Caused by: org.openqa.selenium.NoSuchElementException: no such element: Unable to locate element: {"method":"xpath","selector":"//p[text()='Hesab覺m']"}
  (Session info: chrome=89.0.4389.82)
For documentation on this error, please visit: https://www.seleniumhq.org/exceptions/no_such_element.html
Build info: version: '3.141.59', revision: 'e82be7d358', time: '2018-11-14T08:17:03'
System info: host: 'Kerem-MBP', ip: 'fd6f:3459:5168:0:caa:4013:d756:945c%en0', os.name: 'Mac OS X', os.arch: 'x86_64', os.version: '10.15.5', java.version: '15.0.2'
Driver info: org.openqa.selenium.remote.RemoteWebDriver
Capabilities {acceptInsecureCerts: false, browserName: chrome, browserVersion: 89.0.4389.82, chrome: {chromedriverVersion: 89.0.4389.23 (61b08ee2c5002..., userDataDir: /tmp/.com.google.Chrome.0ADt3I}, goog:chromeOptions: {debuggerAddress: localhost:41061}, javascriptEnabled: true, networkConnectionEnabled: false, pageLoadStrategy: normal, platform: LINUX, platformName: LINUX, proxy: Proxy(), setWindowRect: true, strictFileInteractability: false, timeouts: {implicit: 0, pageLoad: 300000, script: 30000}, unhandledPromptBehavior: dismiss and notify, webauthn:extension:largeBlob: true, webauthn:virtualAuthenticators: true, webdriver.remote.sessionid: d8db184bef1616a04aaa820b4d3...}
Session ID: d8db184bef1616a04aaa820b4d3b9fa6
*** Element info: {Using=xpath, value=//p[text()='Hesab覺m']}
at org.openqa.selenium.remote.http.W3CHttpResponseCodec.createException(W3CHttpResponseCodec.java:187)
at org.openqa.selenium.remote.http.W3CHttpResponseCodec.decode(W3CHttpResponseCodec.java:122)
at org.openqa.selenium.remote.http.W3CHttpResponseCodec.decode(W3CHttpResponseCodec.java:49)
at org.openqa.selenium.remote.HttpCommandExecutor.execute(HttpCommandExecutor.java:158)
at org.openqa.selenium.remote.RemoteWebDriver.execute(RemoteWebDriver.java:552)
at org.openqa.selenium.remote.RemoteWebDriver.findElement(RemoteWebDriver.java:323)
at org.openqa.selenium.remote.RemoteWebDriver.findElementByXPath(RemoteWebDriver.java:428)
at org.openqa.selenium.By$ByXPath.findElement(By.java:353)
at org.openqa.selenium.remote.RemoteWebDriver.findElement(RemoteWebDriver.java:315)
at org.openqa.selenium.support.pagefactory.DefaultElementLocator.findElement(DefaultElementLocator.java:69)
at org.openqa.selenium.support.pagefactory.internal.LocatingElementHandler.invoke(LocatingElementHandler.java:38)
at com.sun.proxy.$Proxy12.isDisplayed(Unknown Source)
at org.openqa.selenium.support.ui.ExpectedConditions.elementIfVisible(ExpectedConditions.java:314)
at org.openqa.selenium.support.ui.ExpectedConditions.access$000(ExpectedConditions.java:43)
at org.openqa.selenium.support.ui.ExpectedConditions$10.apply(ExpectedConditions.java:300)
at org.openqa.selenium.support.ui.ExpectedConditions$10.apply(ExpectedConditions.java:297)
at org.openqa.selenium.support.ui.FluentWait.until(FluentWait.java:249)
... 23 more
... Removed 20 stack frames]]>
    </failure>
  </testcase> <!-- loginSuccesfull -->
  <testcase classname="com.uiautomation.test.MainPageTest" name="checkAllCompanyLinks" time="240.895"/>
  <testcase classname="com.uiautomation.test.MainPageTest" name="checkImgLoadTimes" time="47.918"/>
  <testcase classname="com.uiautomation.base.BaseTest" name="@BeforeSuite before" time="0.0">
    <ignored/>
  </testcase> <!-- @BeforeSuite before -->
</testsuite> <!-- Chrome TestNG Test -->
