<!DOCTYPE html PUBLIC "-//W3C//DTD XHTML 1.1//EN" "http://www.w3.org/TR/xhtml11/DTD/xhtml11.dtd">
<html xmlns="http://www.w3.org/1999/xhtml">
<head>
<meta http-equiv="content-type" content="text/html; charset=UTF-8"/>
<title>TestNG Report</title>
<style type="text/css">table {margin-bottom:10px;border-collapse:collapse;empty-cells:show}th,td {border:1px solid #009;padding:.25em .5em}th {vertical-align:bottom}td {vertical-align:top}table a {font-weight:bold}.stripe td {background-color: #E6EBF9}.num {text-align:right}.passedodd td {background-color: #3F3}.passedeven td {background-color: #0A0}.skippedodd td {background-color: #DDD}.skippedeven td {background-color: #CCC}.failedodd td,.attn {background-color: #F33}.failedeven td,.stripe .attn {background-color: #D00}.stacktrace {white-space:pre;font-family:monospace}.totop {font-size:85%;text-align:center;border-bottom:2px solid #000}.invisible {display:none}</style>
</head>
<body>
<table>
<tr><th>Test</th><th># Passed</th><th># Skipped</th><th># Failed</th><th>Time (ms)</th><th>Included Groups</th><th>Excluded Groups</th></tr>
<tr><th colspan="7">UI test Suite</th></tr>
<tr><td><a href="#t0">Firefox TestNG Test</a></td><td class="num">6</td><td class="num">0</td><td class="num attn">1</td><td class="num">627,858</td><td></td><td></td></tr>
<tr class="stripe"><td><a href="#t1">Chrome TestNG Test</a></td><td class="num">8</td><td class="num">0</td><td class="num attn">1</td><td class="num">936,981</td><td></td><td></td></tr>
<tr><th>Total</th><th class="num">14</th><th class="num">0</th><th class="num attn">2</th><th class="num">1,564,839</th><th colspan="2"></th></tr>
</table>
<table id='summary'><thead><tr><th>Class</th><th>Method</th><th>Start</th><th>Time (ms)</th></tr></thead><tbody><tr><th colspan="4">UI test Suite</th></tr></tbody><tbody id="t0"><tr><th colspan="4">Firefox TestNG Test &#8212; failed</th></tr><tr class="failedeven"><td rowspan="1">com.uiautomation.test.LoginPageTest</td><td><a href="#m0">loginSuccesfull</a></td><td rowspan="1">1620752564745</td><td rowspan="1">187847</td></tr><tr><th colspan="4">Firefox TestNG Test &#8212; passed</th></tr><tr class="passedeven"><td rowspan="5">com.uiautomation.test.LoginPageTest</td><td><a href="#m1">EmptyEmailLogin</a></td><td rowspan="1">1620752497503</td><td rowspan="1">7469</td></tr><tr class="passedeven"><td><a href="#m2">EmptyPasswordLogin</a></td><td rowspan="1">1620752508359</td><td rowspan="1">8593</td></tr><tr class="passedeven"><td><a href="#m3">WrongEmailLogin</a></td><td rowspan="1">1620752520511</td><td rowspan="1">10259</td></tr><tr class="passedeven"><td><a href="#m4">WrongPasswordLogin</a></td><td rowspan="1">1620752534369</td><td rowspan="1">9374</td></tr><tr class="passedeven"><td><a href="#m5">fullEmptyLogin</a></td><td rowspan="1">1620752548741</td><td rowspan="1">10922</td></tr><tr class="passedodd"><td rowspan="1">com.uiautomation.test.MainPageTest</td><td><a href="#m6">scrollToBottom</a></td><td rowspan="1">1620752129683</td><td rowspan="1">363707</td></tr></tbody>
<tbody id="t1"><tr><th colspan="4">Chrome TestNG Test &#8212; failed</th></tr><tr class="failedeven"><td rowspan="1">com.uiautomation.test.LoginPageTest</td><td><a href="#m7">loginSuccesfull</a></td><td rowspan="1">1620752585453</td><td rowspan="1">186560</td></tr><tr><th colspan="4">Chrome TestNG Test &#8212; passed</th></tr><tr class="passedeven"><td rowspan="5">com.uiautomation.test.LoginPageTest</td><td><a href="#m8">EmptyEmailLogin</a></td><td rowspan="1">1620752541582</td><td rowspan="1">8131</td></tr><tr class="passedeven"><td><a href="#m9">EmptyPasswordLogin</a></td><td rowspan="1">1620752550693</td><td rowspan="1">6550</td></tr><tr class="passedeven"><td><a href="#m10">WrongEmailLogin</a></td><td rowspan="1">1620752558155</td><td rowspan="1">10729</td></tr><tr class="passedeven"><td><a href="#m11">WrongPasswordLogin</a></td><td rowspan="1">1620752569829</td><td rowspan="1">9113</td></tr><tr class="passedeven"><td><a href="#m12">fullEmptyLogin</a></td><td rowspan="1">1620752579608</td><td rowspan="1">5157</td></tr><tr class="passedodd"><td rowspan="3">com.uiautomation.test.MainPageTest</td><td><a href="#m13">checkAllCompanyLinks</a></td><td rowspan="1">1620752772643</td><td rowspan="1">240895</td></tr><tr class="passedodd"><td><a href="#m14">checkImgLoadTimes</a></td><td rowspan="1">1620753014163</td><td rowspan="1">47918</td></tr><tr class="passedodd"><td><a href="#m15">scrollToBottom</a></td><td rowspan="1">1620752126237</td><td rowspan="1">413775</td></tr></tbody>
</table>
<h2>Firefox TestNG Test</h2><h3 id="m0">com.uiautomation.test.LoginPageTest#loginSuccesfull</h3><table class="result"><tr class="param"><th>Parameter #1</th></tr><tr class="param stripe"><td>org.testng.TestRunner@533a0924</td></tr><tr><th>Exception</th></tr><tr><td><div class="stacktrace">org.openqa.selenium.TimeoutException: Expected condition failed: waiting for visibility of Proxy element for: DefaultElementLocator &apos;By.xpath: //p[text()=&apos;Hesabım&apos;]&apos; (tried for 180 second(s) with 3000 milliseconds interval)
	at org.openqa.selenium.support.ui.FluentWait.timeoutException(FluentWait.java:304)
	at org.openqa.selenium.support.ui.FluentWait.until(FluentWait.java:272)
	at utils.AutomationLib.fluentWait(AutomationLib.java:33)
	at pages.LoginPage.checkLoginIsSuccessfull(LoginPage.java:60)
	at com.uiautomation.test.LoginPageTest.loginSuccesfull(LoginPageTest.java:43)
	at java.base/java.util.concurrent.FutureTask.run(FutureTask.java:264)
	at java.base/java.util.concurrent.ThreadPoolExecutor.runWorker(ThreadPoolExecutor.java:1130)
	at java.base/java.util.concurrent.ThreadPoolExecutor$Worker.run(ThreadPoolExecutor.java:630)
	at java.base/java.lang.Thread.run(Thread.java:832)
Caused by: org.openqa.selenium.NoSuchElementException: Unable to locate element: //p[text()=&apos;Hesabım&apos;]
For documentation on this error, please visit: https://www.seleniumhq.org/exceptions/no_such_element.html
Build info: version: &apos;3.141.59&apos;, revision: &apos;e82be7d358&apos;, time: &apos;2018-11-14T08:17:03&apos;
System info: host: &apos;Kerem-MBP&apos;, ip: &apos;fd6f:3459:5168:0:caa:4013:d756:945c%en0&apos;, os.name: &apos;Mac OS X&apos;, os.arch: &apos;x86_64&apos;, os.version: &apos;10.15.5&apos;, java.version: &apos;15.0.2&apos;
Driver info: org.openqa.selenium.remote.RemoteWebDriver
Capabilities {acceptInsecureCerts: true, browserName: firefox, browserVersion: 86.0, javascriptEnabled: true, moz:accessibilityChecks: false, moz:buildID: 20210222142601, moz:geckodriverVersion: 0.29.0, moz:headless: false, moz:processID: 3521, moz:profile: /tmp/rust_mozprofileKNHzX6, moz:shutdownTimeout: 60000, moz:useNonSpecCompliantPointerOrigin: false, moz:webdriverClick: true, pageLoadStrategy: normal, platform: LINUX, platformName: LINUX, platformVersion: 5.10.25-linuxkit, rotatable: false, setWindowRect: true, strictFileInteractability: false, timeouts: {implicit: 0, pageLoad: 300000, script: 30000}, unhandledPromptBehavior: dismiss and notify, webdriver.remote.sessionid: faedd554-fcfc-4941-98f9-669...}
Session ID: faedd554-fcfc-4941-98f9-6699c9a84a09
*** Element info: {Using=xpath, value=//p[text()=&apos;Hesabım&apos;]}
	at org.openqa.selenium.remote.http.W3CHttpResponseCodec.createException(W3CHttpResponseCodec.java:187)
	at org.openqa.selenium.remote.http.W3CHttpResponseCodec.decode(W3CHttpResponseCodec.java:122)
	at org.openqa.selenium.remote.http.W3CHttpResponseCodec.decode(W3CHttpResponseCodec.java:49)
	at org.openqa.selenium.remote.HttpCommandExecutor.execute(HttpCommandExecutor.java:158)
	at org.openqa.selenium.remote.RemoteWebDriver.execute(RemoteWebDriver.java:552)
	at org.openqa.selenium.remote.RemoteWebDriver.findElement(RemoteWebDriver.java:323)
	at org.openqa.selenium.remote.RemoteWebDriver.findElementByXPath(RemoteWebDriver.java:428)
	at org.openqa.selenium.By$ByXPath.findElement(By.java:353)
	at org.openqa.selenium.remote.RemoteWebDriver.findElement(RemoteWebDriver.java:315)
	at org.openqa.selenium.support.pagefactory.DefaultElementLocator.findElement(DefaultElementLocator.java:69)
	at org.openqa.selenium.support.pagefactory.internal.LocatingElementHandler.invoke(LocatingElementHandler.java:38)
	at com.sun.proxy.$Proxy12.isDisplayed(Unknown Source)
	at org.openqa.selenium.support.ui.ExpectedConditions.elementIfVisible(ExpectedConditions.java:314)
	at org.openqa.selenium.support.ui.ExpectedConditions.access$000(ExpectedConditions.java:43)
	at org.openqa.selenium.support.ui.ExpectedConditions$10.apply(ExpectedConditions.java:300)
	at org.openqa.selenium.support.ui.ExpectedConditions$10.apply(ExpectedConditions.java:297)
	at org.openqa.selenium.support.ui.FluentWait.until(FluentWait.java:249)
	... 23 more
... Removed 20 stack frames</div></td></tr></table><p class="totop"><a href="#summary">back to summary</a></p>
<h3 id="m1">com.uiautomation.test.LoginPageTest#EmptyEmailLogin</h3><table class="result"><tr class="param"><th>Parameter #1</th></tr><tr class="param stripe"><td>org.testng.TestRunner@533a0924</td></tr></table><p class="totop"><a href="#summary">back to summary</a></p>
<h3 id="m2">com.uiautomation.test.LoginPageTest#EmptyPasswordLogin</h3><table class="result"><tr class="param"><th>Parameter #1</th></tr><tr class="param stripe"><td>org.testng.TestRunner@533a0924</td></tr></table><p class="totop"><a href="#summary">back to summary</a></p>
<h3 id="m3">com.uiautomation.test.LoginPageTest#WrongEmailLogin</h3><table class="result"><tr class="param"><th>Parameter #1</th></tr><tr class="param stripe"><td>org.testng.TestRunner@533a0924</td></tr></table><p class="totop"><a href="#summary">back to summary</a></p>
<h3 id="m4">com.uiautomation.test.LoginPageTest#WrongPasswordLogin</h3><table class="result"><tr class="param"><th>Parameter #1</th></tr><tr class="param stripe"><td>org.testng.TestRunner@533a0924</td></tr></table><p class="totop"><a href="#summary">back to summary</a></p>
<h3 id="m5">com.uiautomation.test.LoginPageTest#fullEmptyLogin</h3><table class="result"><tr class="param"><th>Parameter #1</th></tr><tr class="param stripe"><td>org.testng.TestRunner@533a0924</td></tr></table><p class="totop"><a href="#summary">back to summary</a></p>
<h3 id="m6">com.uiautomation.test.MainPageTest#scrollToBottom</h3><table class="result"><tr class="param"><th>Parameter #1</th></tr><tr class="param stripe"><td>org.testng.TestRunner@533a0924</td></tr></table><p class="totop"><a href="#summary">back to summary</a></p>
<h2>Chrome TestNG Test</h2><h3 id="m7">com.uiautomation.test.LoginPageTest#loginSuccesfull</h3><table class="result"><tr class="param"><th>Parameter #1</th></tr><tr class="param stripe"><td>org.testng.TestRunner@72c32a81</td></tr><tr><th>Exception</th></tr><tr><td><div class="stacktrace">org.openqa.selenium.TimeoutException: Expected condition failed: waiting for visibility of Proxy element for: DefaultElementLocator &apos;By.xpath: //p[text()=&apos;Hesabım&apos;]&apos; (tried for 180 second(s) with 3000 milliseconds interval)
	at org.openqa.selenium.support.ui.FluentWait.timeoutException(FluentWait.java:304)
	at org.openqa.selenium.support.ui.FluentWait.until(FluentWait.java:272)
	at utils.AutomationLib.fluentWait(AutomationLib.java:33)
	at pages.LoginPage.checkLoginIsSuccessfull(LoginPage.java:60)
	at com.uiautomation.test.LoginPageTest.loginSuccesfull(LoginPageTest.java:43)
	at java.base/java.util.concurrent.FutureTask.run(FutureTask.java:264)
	at java.base/java.util.concurrent.ThreadPoolExecutor.runWorker(ThreadPoolExecutor.java:1130)
	at java.base/java.util.concurrent.ThreadPoolExecutor$Worker.run(ThreadPoolExecutor.java:630)
	at java.base/java.lang.Thread.run(Thread.java:832)
Caused by: org.openqa.selenium.NoSuchElementException: no such element: Unable to locate element: {&quot;method&quot;:&quot;xpath&quot;,&quot;selector&quot;:&quot;//p[text()=&apos;Hesabım&apos;]&quot;}
  (Session info: chrome=89.0.4389.82)
For documentation on this error, please visit: https://www.seleniumhq.org/exceptions/no_such_element.html
Build info: version: &apos;3.141.59&apos;, revision: &apos;e82be7d358&apos;, time: &apos;2018-11-14T08:17:03&apos;
System info: host: &apos;Kerem-MBP&apos;, ip: &apos;fd6f:3459:5168:0:caa:4013:d756:945c%en0&apos;, os.name: &apos;Mac OS X&apos;, os.arch: &apos;x86_64&apos;, os.version: &apos;10.15.5&apos;, java.version: &apos;15.0.2&apos;
Driver info: org.openqa.selenium.remote.RemoteWebDriver
Capabilities {acceptInsecureCerts: false, browserName: chrome, browserVersion: 89.0.4389.82, chrome: {chromedriverVersion: 89.0.4389.23 (61b08ee2c5002..., userDataDir: /tmp/.com.google.Chrome.0ADt3I}, goog:chromeOptions: {debuggerAddress: localhost:41061}, javascriptEnabled: true, networkConnectionEnabled: false, pageLoadStrategy: normal, platform: LINUX, platformName: LINUX, proxy: Proxy(), setWindowRect: true, strictFileInteractability: false, timeouts: {implicit: 0, pageLoad: 300000, script: 30000}, unhandledPromptBehavior: dismiss and notify, webauthn:extension:largeBlob: true, webauthn:virtualAuthenticators: true, webdriver.remote.sessionid: d8db184bef1616a04aaa820b4d3...}
Session ID: d8db184bef1616a04aaa820b4d3b9fa6
*** Element info: {Using=xpath, value=//p[text()=&apos;Hesabım&apos;]}
	at org.openqa.selenium.remote.http.W3CHttpResponseCodec.createException(W3CHttpResponseCodec.java:187)
	at org.openqa.selenium.remote.http.W3CHttpResponseCodec.decode(W3CHttpResponseCodec.java:122)
	at org.openqa.selenium.remote.http.W3CHttpResponseCodec.decode(W3CHttpResponseCodec.java:49)
	at org.openqa.selenium.remote.HttpCommandExecutor.execute(HttpCommandExecutor.java:158)
	at org.openqa.selenium.remote.RemoteWebDriver.execute(RemoteWebDriver.java:552)
	at org.openqa.selenium.remote.RemoteWebDriver.findElement(RemoteWebDriver.java:323)
	at org.openqa.selenium.remote.RemoteWebDriver.findElementByXPath(RemoteWebDriver.java:428)
	at org.openqa.selenium.By$ByXPath.findElement(By.java:353)
	at org.openqa.selenium.remote.RemoteWebDriver.findElement(RemoteWebDriver.java:315)
	at org.openqa.selenium.support.pagefactory.DefaultElementLocator.findElement(DefaultElementLocator.java:69)
	at org.openqa.selenium.support.pagefactory.internal.LocatingElementHandler.invoke(LocatingElementHandler.java:38)
	at com.sun.proxy.$Proxy12.isDisplayed(Unknown Source)
	at org.openqa.selenium.support.ui.ExpectedConditions.elementIfVisible(ExpectedConditions.java:314)
	at org.openqa.selenium.support.ui.ExpectedConditions.access$000(ExpectedConditions.java:43)
	at org.openqa.selenium.support.ui.ExpectedConditions$10.apply(ExpectedConditions.java:300)
	at org.openqa.selenium.support.ui.ExpectedConditions$10.apply(ExpectedConditions.java:297)
	at org.openqa.selenium.support.ui.FluentWait.until(FluentWait.java:249)
	... 23 more
... Removed 20 stack frames</div></td></tr></table><p class="totop"><a href="#summary">back to summary</a></p>
<h3 id="m8">com.uiautomation.test.LoginPageTest#EmptyEmailLogin</h3><table class="result"><tr class="param"><th>Parameter #1</th></tr><tr class="param stripe"><td>org.testng.TestRunner@72c32a81</td></tr></table><p class="totop"><a href="#summary">back to summary</a></p>
<h3 id="m9">com.uiautomation.test.LoginPageTest#EmptyPasswordLogin</h3><table class="result"><tr class="param"><th>Parameter #1</th></tr><tr class="param stripe"><td>org.testng.TestRunner@72c32a81</td></tr></table><p class="totop"><a href="#summary">back to summary</a></p>
<h3 id="m10">com.uiautomation.test.LoginPageTest#WrongEmailLogin</h3><table class="result"><tr class="param"><th>Parameter #1</th></tr><tr class="param stripe"><td>org.testng.TestRunner@72c32a81</td></tr></table><p class="totop"><a href="#summary">back to summary</a></p>
<h3 id="m11">com.uiautomation.test.LoginPageTest#WrongPasswordLogin</h3><table class="result"><tr class="param"><th>Parameter #1</th></tr><tr class="param stripe"><td>org.testng.TestRunner@72c32a81</td></tr></table><p class="totop"><a href="#summary">back to summary</a></p>
<h3 id="m12">com.uiautomation.test.LoginPageTest#fullEmptyLogin</h3><table class="result"><tr class="param"><th>Parameter #1</th></tr><tr class="param stripe"><td>org.testng.TestRunner@72c32a81</td></tr></table><p class="totop"><a href="#summary">back to summary</a></p>
<h3 id="m13">com.uiautomation.test.MainPageTest#checkAllCompanyLinks</h3><table class="result"><tr><th class="invisible"/></tr></table><p class="totop"><a href="#summary">back to summary</a></p>
<h3 id="m14">com.uiautomation.test.MainPageTest#checkImgLoadTimes</h3><table class="result"><tr><th class="invisible"/></tr></table><p class="totop"><a href="#summary">back to summary</a></p>
<h3 id="m15">com.uiautomation.test.MainPageTest#scrollToBottom</h3><table class="result"><tr class="param"><th>Parameter #1</th></tr><tr class="param stripe"><td>org.testng.TestRunner@72c32a81</td></tr></table><p class="totop"><a href="#summary">back to summary</a></p>
</body>
</html>
